<?xml version="1.0" encoding="UTF-8"?>
<!-- Generated by org.testng.reporters.JUnitReportReporter -->
<testsuite skipped="0" hostname="LAPTOP-FUMD4CGA" name="project.scholastic.HomePage" tests="1" failures="0" timestamp="2020-06-09T02:34:37 EDT" time="11.182" errors="0">
  <testcase name="Home" time="11.182" classname="project.scholastic.HomePage"/>
  <system-out/>
</testsuite> <!-- project.scholastic.HomePage -->
